move 0 0
move 1 1
move 2 2
move 3 3
move 4 4
move 5 5
move 6 6
move 6 7
move 6 8
move 5 9
move 5 10
pick 10
move 5 10
move 5 9
move 6 8
move 6 7
move 6 6
move 5 5
move 4 4
move 3 3
move 2 2
move 1 1
move 0 0
drop 10
move 0 0
move 1 0
move 2 1
move 3 2
move 4 3
move 5 4
move 6 4
move 7 3
move 8 2
move 9 3
move 10 4
move 11 5
move 12 6
move 13 7
move 14 8
move 15 8
move 16 9
move 17 10
move 18 10
pick 20
move 18 10
move 17 9
move 16 8
move 15 8
move 14 9
move 13 8
move 12 7
move 11 7
move 10 6
move 9 5
move 8 4
move 7 3
move 6 2
move 5 3
move 4 2
move 3 2
move 2 2
move 1 1
move 0 0
drop 20
move 0 0
move 1 0
move 2 1
move 3 2
move 4 3
move 5 4
move 6 4
move 7 3
move 8 2
move 9 3
move 10 4
move 11 5
move 12 6
pick 30
move 12 6
move 11 7
move 10 8
move 9 8
move 8 8
move 7 7
move 6 6
move 5 5
move 4 4
move 3 3
move 2 2
move 1 1
move 0 0
drop 30
move 0 0
move 1 1
move 2 2
move 3 3
move 4 4
move 5 5
move 6 6
move 7 7
move 8 8
pick 40
move 8 8
move 7 7
move 6 6
move 5 5
move 4 4
move 3 3
move 2 2
move 1 1
move 0 0
drop 40
move 0 0
move 1 1
move 2 2
move 3 3
move 4 4
move 5 5
move 6 6
move 6 7
move 6 8
move 5 9
move 5 10
pick 10
move 5 10
move 5 9
move 6 8
move 6 7
move 6 6
move 5 5
move 4 4
move 3 3
move 2 2
move 1 1
move 0 0
drop 10
move 0 0
move 1 0
move 2 1
move 3 2
move 4 3
move 5 4
move 6 4
move 7 3
move 8 2
move 9 3
move 10 4
move 11 5
move 12 6
move 13 7
move 14 8
move 15 8
move 16 9
move 17 10
move 18 10
pick 20
move 18 10
move 17 9
move 16 8
move 15 8
move 14 9
move 13 8
move 12 7
move 11 7
move 10 6
move 9 5
move 8 4
move 7 3
move 6 2
move 5 3
move 4 2
move 3 2
move 2 2
move 1 1
move 0 0
drop 20
move 0 0
move 1 0
move 2 1
move 3 2
move 4 3
move 5 4
move 6 4
move 7 3
move 8 2
move 9 3
move 10 4
move 11 5
move 12 6
pick 30
move 12 6
move 11 7
move 10 8
move 9 8
move 8 8
move 7 7
move 6 6
move 5 5
move 4 4
move 3 3
move 2 2
move 1 1
move 0 0
drop 30
move 0 0
move 1 1
move 2 2
move 3 3
move 4 4
move 5 5
move 6 6
move 7 7
move 8 8
pick 40
move 8 8
move 7 7
move 6 6
move 5 5
move 4 4
move 3 3
move 2 2
move 1 1
move 0 0
drop 40
