move 0 0
move 0 1
move 1 2
move 1 3
move 1 4
move 0 5
move 0 6
move 0 7
move 1 8
move 1 9
move 1 10
pick 8
move 1 10
move 0 9
move 0 8
move 0 7
move 0 6
move 1 5
move 0 4
move 1 3
move 1 2
move 1 1
move 0 0
drop 8
move 0 0
move 0 1
move 1 2
move 1 3
move 1 4
move 0 5
move 0 6
move 0 7
move 1 8
move 1 9
move 1 10
pick 8
move 1 10
move 0 9
move 0 8
move 0 7
move 0 6
move 1 5
move 0 4
move 1 3
move 1 2
move 1 1
move 0 0
drop 8
move 0 0
move 0 1
move 1 2
move 1 3
move 1 4
move 0 5
move 0 6
move 0 7
move 1 8
move 1 9
move 1 10
pick 8
move 1 10
move 0 9
move 0 8
move 0 7
move 0 6
move 1 5
move 0 4
move 1 3
move 1 2
move 1 1
move 0 0
drop 8
move 0 0
move 1 1
move 1 2
move 1 3
move 1 4
move 1 5
move 1 6
move 1 7
move 1 8
move 1 9
move 1 10
move 1 11
move 1 12
move 1 13
move 1 14
move 1 15
move 1 16
move 1 17
move 1 18
move 1 19
move 1 20
move 1 21
move 1 22
move 1 23
move 1 24
move 1 25
move 1 26
move 1 27
move 1 28
move 1 29
move 1 30
move 1 31
move 1 32
move 1 33
move 1 34
move 1 35
move 1 36
move 1 37
move 1 38
move 1 39
move 1 40
move 1 41
move 1 42
move 1 43
move 1 44
move 1 45
move 1 46
move 1 47
move 1 48
move 1 49
move 1 50
move 2 51
move 3 52
move 4 52
move 5 52
move 6 53
move 7 52
move 8 52
move 9 52
move 10 53
move 11 52
move 12 53
move 13 53
move 14 52
move 15 52
move 16 52
move 17 51
move 18 51
move 19 51
move 20 51
move 21 51
move 22 51
move 23 51
move 24 51
move 25 51
move 26 51
move 27 51
move 28 51
move 29 51
move 30 51
move 31 51
move 32 51
move 33 51
move 34 51
move 35 51
move 36 51
move 37 51
move 38 51
move 39 51
move 40 51
move 41 51
move 42 51
move 43 51
move 44 51
move 45 51
move 46 51
move 47 51
move 48 51
move 49 51
move 50 51
move 51 50
move 51 49
move 51 48
move 52 47
move 52 46
move 51 45
move 51 44
move 52 43
move 53 42
move 54 41
move 53 40
move 53 39
move 54 38
move 55 37
move 55 36
move 55 35
move 55 34
move 56 33
move 56 32
move 55 31
move 54 30
move 53 29
move 54 28
move 55 27
move 56 26
move 57 25
move 58 24
move 58 23
move 58 22
move 59 21
move 60 20
move 59 19
move 59 18
move 58 17
move 58 16
move 58 15
move 58 14
move 59 13
move 60 12
move 59 11
move 60 10
pick 2
move 60 10
move 59 11
move 58 12
move 57 13
move 56 14
move 55 15
move 54 16
move 53 17
move 52 18
move 51 19
move 51 20
move 51 21
move 51 22
move 51 23
move 51 24
move 51 25
move 51 26
move 51 27
move 51 28
move 51 29
move 51 30
move 51 31
move 51 32
move 51 33
move 51 34
move 51 35
move 51 36
move 51 37
move 51 38
move 51 39
move 51 40
move 51 41
move 51 42
move 51 43
move 51 44
move 51 45
move 51 46
move 51 47
move 51 48
move 51 49
move 51 50
move 50 51
move 49 51
move 48 51
move 47 51
move 46 51
move 45 51
move 44 51
move 43 51
move 42 51
move 41 51
move 40 51
move 39 51
move 38 51
move 37 51
move 36 51
move 35 51
move 34 51
move 33 51
move 32 51
move 31 51
move 30 51
move 29 51
move 28 51
move 27 51
move 26 51
move 25 51
move 24 51
move 23 51
move 22 51
move 21 51
move 20 51
move 19 51
move 18 51
move 17 51
move 16 51
move 15 51
move 14 51
move 13 51
move 12 51
move 11 51
move 10 51
move 9 51
move 8 51
move 7 51
move 6 51
move 5 51
move 4 51
move 3 51
move 2 51
move 1 50
move 1 49
move 1 48
move 0 47
move 1 46
move 0 45
move 1 44
move 0 43
move 0 42
move 0 41
move 1 40
move 1 39
move 0 38
move 1 37
move 0 36
move 0 35
move 1 34
move 0 33
move 0 32
move 1 31
move 0 30
move 0 29
move 1 28
move 0 27
move 1 26
move 1 25
move 0 24
move 1 23
move 0 22
move 1 21
move 0 20
move 0 19
move 1 18
move 0 17
move 0 16
move 1 15
move 0 14
move 1 13
move 1 12
move 0 11
move 1 10
move 0 9
move 1 8
move 0 7
move 1 6
move 0 5
move 0 4
move 1 3
move 0 2
move 1 1
move 0 0
drop 2
move 0 0
move 0 1
move 1 2
move 1 3
move 1 4
move 0 5
move 0 6
move 0 7
move 1 8
move 1 9
move 1 10
pick 8
move 1 10
move 0 9
move 0 8
move 0 7
move 0 6
move 1 5
move 0 4
move 1 3
move 1 2
move 1 1
move 0 0
drop 8
move 0 0
move 0 1
move 1 2
move 1 3
move 1 4
move 0 5
move 0 6
move 0 7
move 1 8
move 1 9
move 1 10
pick 8
move 1 10
move 0 9
move 0 8
move 0 7
move 0 6
move 1 5
move 0 4
move 1 3
move 1 2
move 1 1
move 0 0
drop 8
move 0 0
move 1 1
move 1 2
move 1 3
move 1 4
move 1 5
move 1 6
move 1 7
move 1 8
move 1 9
move 1 10
move 1 11
move 1 12
move 1 13
move 1 14
move 1 15
move 1 16
move 1 17
move 1 18
move 1 19
move 1 20
move 1 21
move 1 22
move 1 23
move 1 24
move 1 25
move 1 26
move 1 27
move 1 28
move 1 29
move 1 30
move 1 31
move 1 32
move 1 33
move 1 34
move 1 35
move 1 36
move 1 37
move 1 38
move 1 39
move 1 40
move 1 41
move 1 42
move 1 43
move 1 44
move 1 45
move 1 46
move 1 47
move 1 48
move 1 49
move 1 50
move 2 51
move 3 52
move 4 52
move 5 52
move 6 53
move 7 52
move 8 52
move 9 52
move 10 53
move 11 52
move 12 53
move 13 53
move 14 52
move 15 52
move 16 52
move 17 51
move 18 51
move 19 51
move 20 51
move 21 51
move 22 51
move 23 51
move 24 51
move 25 51
move 26 51
move 27 51
move 28 51
move 29 51
move 30 51
move 31 51
move 32 51
move 33 51
move 34 51
move 35 51
move 36 51
move 37 51
move 38 51
move 39 51
move 40 51
move 41 51
move 42 51
move 43 51
move 44 51
move 45 51
move 46 51
move 47 51
move 48 51
move 49 51
move 50 51
move 51 50
move 51 49
move 51 48
move 52 47
move 52 46
move 51 45
move 51 44
move 52 43
move 53 42
move 54 41
move 53 40
move 53 39
move 54 38
move 55 37
move 55 36
move 55 35
move 55 34
move 56 33
move 56 32
move 55 31
move 54 30
move 53 29
move 54 28
move 55 27
move 56 26
move 57 25
move 58 24
move 58 23
move 58 22
move 59 21
move 60 20
move 59 19
move 59 18
move 58 17
move 58 16
move 58 15
move 58 14
move 59 13
move 60 12
move 59 11
move 60 10
pick 2
move 60 10
move 59 11
move 58 12
move 57 13
move 56 14
move 55 15
move 54 16
move 53 17
move 52 18
move 51 19
move 51 20
move 51 21
move 51 22
move 51 23
move 51 24
move 51 25
move 51 26
move 51 27
move 51 28
move 51 29
move 51 30
move 51 31
move 51 32
move 51 33
move 51 34
move 51 35
move 51 36
move 51 37
move 51 38
move 51 39
move 51 40
move 51 41
move 51 42
move 51 43
move 51 44
move 51 45
move 51 46
move 51 47
move 51 48
move 51 49
move 51 50
move 50 51
move 49 51
move 48 51
move 47 51
move 46 51
move 45 51
move 44 51
move 43 51
move 42 51
move 41 51
move 40 51
move 39 51
move 38 51
move 37 51
move 36 51
move 35 51
move 34 51
move 33 51
move 32 51
move 31 51
move 30 51
move 29 51
move 28 51
move 27 51
move 26 51
move 25 51
move 24 51
move 23 51
move 22 51
move 21 51
move 20 51
move 19 51
move 18 51
move 17 51
move 16 51
move 15 51
move 14 51
move 13 51
move 12 51
move 11 51
move 10 51
move 9 51
move 8 51
move 7 51
move 6 51
move 5 51
move 4 51
move 3 51
move 2 51
move 1 50
move 1 49
move 1 48
move 0 47
move 1 46
move 0 45
move 1 44
move 0 43
move 0 42
move 0 41
move 1 40
move 1 39
move 0 38
move 1 37
move 0 36
move 0 35
move 1 34
move 0 33
move 0 32
move 1 31
move 0 30
move 0 29
move 1 28
move 0 27
move 1 26
move 1 25
move 0 24
move 1 23
move 0 22
move 1 21
move 0 20
move 0 19
move 1 18
move 0 17
move 0 16
move 1 15
move 0 14
move 1 13
move 1 12
move 0 11
move 1 10
move 0 9
move 1 8
move 0 7
move 1 6
move 0 5
move 0 4
move 1 3
move 0 2
move 1 1
move 0 0
drop 2
move 0 0
move 0 1
move 1 2
move 1 3
move 1 4
move 0 5
move 0 6
move 0 7
move 1 8
move 1 9
move 1 10
pick 8
move 1 10
move 0 9
move 0 8
move 0 7
move 0 6
move 1 5
move 0 4
move 1 3
move 1 2
move 1 1
move 0 0
drop 8
move 0 0
move 0 1
move 1 2
move 1 3
move 1 4
move 0 5
move 0 6
move 0 7
move 1 8
move 1 9
move 1 10
pick 8
move 1 10
move 0 9
move 0 8
move 0 7
move 0 6
move 1 5
move 0 4
move 1 3
move 1 2
move 1 1
move 0 0
drop 8
move 0 0
move 0 1
move 1 2
move 1 3
move 1 4
move 0 5
move 0 6
move 0 7
move 1 8
move 1 9
move 1 10
pick 8
move 1 10
move 0 9
move 0 8
move 0 7
move 0 6
move 1 5
move 0 4
move 1 3
move 1 2
move 1 1
move 0 0
drop 8
