move 0 0
move 0 1
move 1 2
move 1 3
move 1 4
move 2 5
move 2 6
move 3 7
move 4 8
move 5 9
move 6 10
move 7 11
move 8 12
move 9 13
move 10 14
move 11 15
move 11 16
move 12 17
move 12 18
move 13 19
move 13 20
move 14 21
move 14 22
move 13 23
move 14 24
move 15 25
move 15 26
move 15 27
move 16 28
move 17 29
move 18 30
move 17 31
move 16 32
move 15 33
move 15 34
move 16 35
move 17 36
move 17 37
move 16 38
move 15 39
move 14 40
move 14 41
move 15 42
move 14 43
move 13 44
move 13 45
move 14 46
move 15 47
pick 1
move 15 47
move 14 46
move 14 45
move 15 44
move 14 43
move 14 42
move 13 41
move 12 40
move 11 39
move 11 38
move 10 37
move 11 36
move 12 35
move 13 34
move 14 33
move 13 32
move 14 31
move 15 30
move 15 29
move 16 28
move 15 27
move 15 26
move 15 25
move 14 24
move 13 23
move 14 22
move 14 21
move 13 20
move 13 19
move 12 18
move 12 17
move 11 16
move 11 15
move 10 14
move 9 13
move 8 12
move 7 11
move 6 10
move 5 9
move 4 8
move 3 7
move 2 6
move 1 5
move 0 4
move 1 3
move 1 2
move 1 1
move 0 0
drop 1
